{"C:\\Users\\Uladzislau_Ramanchan\\Desktop\\reactjs-gmp-2020q3\\src\\Components\\ItemTitle\\ItemTitle.js": {"path":"C:\\Users\\Uladzislau_Ramanchan\\Desktop\\reactjs-gmp-2020q3\\src\\Components\\ItemTitle\\ItemTitle.js","statementMap":{"0":{"start":{"line":4,"column":18},"end":{"line":6,"column":1}},"1":{"start":{"line":5,"column":2},"end":{"line":5,"column":55}},"2":{"start":{"line":8,"column":0},"end":{"line":10,"column":1}}},"fnMap":{"0":{"name":"(anonymous_0)","decl":{"start":{"line":4,"column":18},"end":{"line":4,"column":19}},"loc":{"start":{"line":5,"column":2},"end":{"line":5,"column":55}},"line":5}},"branchMap":{},"s":{"0":1,"1":2,"2":1},"f":{"0":2},"b":{},"_coverageSchema":"1a1c01bbd47fc00a2c39e90264f33305004495a9","hash":"001fcdbb1a07d78352328d16a21547a4411f159c"}
,"C:\\Users\\Uladzislau_Ramanchan\\Desktop\\reactjs-gmp-2020q3\\src\\constants\\const.js": {"path":"C:\\Users\\Uladzislau_Ramanchan\\Desktop\\reactjs-gmp-2020q3\\src\\constants\\const.js","statementMap":{"0":{"start":{"line":1,"column":22},"end":{"line":8,"column":1}},"1":{"start":{"line":10,"column":22},"end":{"line":15,"column":1}},"2":{"start":{"line":17,"column":22},"end":{"line":138,"column":1}}},"fnMap":{},"branchMap":{},"s":{"0":3,"1":3,"2":3},"f":{},"b":{},"_coverageSchema":"1a1c01bbd47fc00a2c39e90264f33305004495a9","hash":"5e9fc22cb780c85827a820f12029ef95d2aee719"}
,"C:\\Users\\Uladzislau_Ramanchan\\Desktop\\reactjs-gmp-2020q3\\src\\store\\movieActions\\actionTypes.js": {"path":"C:\\Users\\Uladzislau_Ramanchan\\Desktop\\reactjs-gmp-2020q3\\src\\store\\movieActions\\actionTypes.js","statementMap":{"0":{"start":{"line":1,"column":35},"end":{"line":1,"column":56}},"1":{"start":{"line":2,"column":35},"end":{"line":2,"column":56}},"2":{"start":{"line":3,"column":33},"end":{"line":3,"column":52}},"3":{"start":{"line":5,"column":28},"end":{"line":5,"column":42}},"4":{"start":{"line":6,"column":28},"end":{"line":6,"column":42}},"5":{"start":{"line":7,"column":28},"end":{"line":7,"column":42}},"6":{"start":{"line":8,"column":29},"end":{"line":8,"column":44}},"7":{"start":{"line":9,"column":33},"end":{"line":9,"column":52}},"8":{"start":{"line":10,"column":27},"end":{"line":10,"column":40}},"9":{"start":{"line":11,"column":30},"end":{"line":11,"column":46}},"10":{"start":{"line":12,"column":37},"end":{"line":12,"column":60}}},"fnMap":{},"branchMap":{},"s":{"0":3,"1":3,"2":3,"3":3,"4":3,"5":3,"6":3,"7":3,"8":3,"9":3,"10":3},"f":{},"b":{},"_coverageSchema":"1a1c01bbd47fc00a2c39e90264f33305004495a9","hash":"96725ec8b66e79671bda7189240a00e5d2a61796"}
,"C:\\Users\\Uladzislau_Ramanchan\\Desktop\\reactjs-gmp-2020q3\\src\\store\\movieActions\\actions.js": {"path":"C:\\Users\\Uladzislau_Ramanchan\\Desktop\\reactjs-gmp-2020q3\\src\\store\\movieActions\\actions.js","statementMap":{"0":{"start":{"line":5,"column":12},"end":{"line":5,"column":42}},"1":{"start":{"line":7,"column":30},"end":{"line":11,"column":1}},"2":{"start":{"line":8,"column":2},"end":{"line":10,"column":4}},"3":{"start":{"line":13,"column":35},"end":{"line":18,"column":1}},"4":{"start":{"line":14,"column":2},"end":{"line":17,"column":4}},"5":{"start":{"line":20,"column":36},"end":{"line":25,"column":1}},"6":{"start":{"line":21,"column":2},"end":{"line":24,"column":4}},"7":{"start":{"line":27,"column":34},"end":{"line":32,"column":1}},"8":{"start":{"line":28,"column":2},"end":{"line":31,"column":4}},"9":{"start":{"line":34,"column":33},"end":{"line":39,"column":1}},"10":{"start":{"line":35,"column":2},"end":{"line":38,"column":4}},"11":{"start":{"line":41,"column":33},"end":{"line":46,"column":1}},"12":{"start":{"line":42,"column":2},"end":{"line":45,"column":4}},"13":{"start":{"line":48,"column":33},"end":{"line":53,"column":1}},"14":{"start":{"line":49,"column":2},"end":{"line":52,"column":4}},"15":{"start":{"line":55,"column":30},"end":{"line":60,"column":1}},"16":{"start":{"line":56,"column":2},"end":{"line":59,"column":4}},"17":{"start":{"line":62,"column":25},"end":{"line":67,"column":1}},"18":{"start":{"line":63,"column":2},"end":{"line":66,"column":4}},"19":{"start":{"line":69,"column":26},"end":{"line":74,"column":1}},"20":{"start":{"line":70,"column":2},"end":{"line":73,"column":4}},"21":{"start":{"line":76,"column":24},"end":{"line":81,"column":1}},"22":{"start":{"line":77,"column":2},"end":{"line":80,"column":4}},"23":{"start":{"line":83,"column":27},"end":{"line":93,"column":1}},"24":{"start":{"line":83,"column":45},"end":{"line":93,"column":1}},"25":{"start":{"line":84,"column":2},"end":{"line":92,"column":3}},"26":{"start":{"line":85,"column":19},"end":{"line":85,"column":41}},"27":{"start":{"line":86,"column":20},"end":{"line":86,"column":37}},"28":{"start":{"line":87,"column":4},"end":{"line":87,"column":31}},"29":{"start":{"line":88,"column":21},"end":{"line":88,"column":50}},"30":{"start":{"line":89,"column":4},"end":{"line":89,"column":41}},"31":{"start":{"line":91,"column":4},"end":{"line":91,"column":48}},"32":{"start":{"line":95,"column":27},"end":{"line":107,"column":1}},"33":{"start":{"line":95,"column":38},"end":{"line":107,"column":1}},"34":{"start":{"line":96,"column":2},"end":{"line":106,"column":3}},"35":{"start":{"line":97,"column":4},"end":{"line":97,"column":32}},"36":{"start":{"line":98,"column":4},"end":{"line":98,"column":39}},"37":{"start":{"line":101,"column":8},"end":{"line":101,"column":18}},"38":{"start":{"line":103,"column":4},"end":{"line":103,"column":40}},"39":{"start":{"line":105,"column":4},"end":{"line":105,"column":48}},"40":{"start":{"line":109,"column":27},"end":{"line":120,"column":1}},"41":{"start":{"line":109,"column":46},"end":{"line":120,"column":1}},"42":{"start":{"line":110,"column":2},"end":{"line":119,"column":3}},"43":{"start":{"line":111,"column":4},"end":{"line":111,"column":53}},"44":{"start":{"line":112,"column":4},"end":{"line":112,"column":47}},"45":{"start":{"line":115,"column":8},"end":{"line":115,"column":18}},"46":{"start":{"line":116,"column":4},"end":{"line":116,"column":40}},"47":{"start":{"line":118,"column":4},"end":{"line":118,"column":48}},"48":{"start":{"line":122,"column":27},"end":{"line":133,"column":1}},"49":{"start":{"line":122,"column":38},"end":{"line":133,"column":1}},"50":{"start":{"line":123,"column":2},"end":{"line":132,"column":3}},"51":{"start":{"line":124,"column":4},"end":{"line":124,"column":33}},"52":{"start":{"line":125,"column":4},"end":{"line":125,"column":39}},"53":{"start":{"line":128,"column":8},"end":{"line":128,"column":18}},"54":{"start":{"line":129,"column":4},"end":{"line":129,"column":40}},"55":{"start":{"line":131,"column":4},"end":{"line":131,"column":48}},"56":{"start":{"line":136,"column":29},"end":{"line":146,"column":1}},"57":{"start":{"line":136,"column":40},"end":{"line":146,"column":1}},"58":{"start":{"line":137,"column":2},"end":{"line":145,"column":3}},"59":{"start":{"line":138,"column":4},"end":{"line":138,"column":36}},"60":{"start":{"line":141,"column":8},"end":{"line":141,"column":18}},"61":{"start":{"line":142,"column":4},"end":{"line":142,"column":40}},"62":{"start":{"line":144,"column":4},"end":{"line":144,"column":48}},"63":{"start":{"line":148,"column":27},"end":{"line":158,"column":1}},"64":{"start":{"line":148,"column":39},"end":{"line":158,"column":1}},"65":{"start":{"line":149,"column":2},"end":{"line":157,"column":3}},"66":{"start":{"line":150,"column":4},"end":{"line":150,"column":32}},"67":{"start":{"line":153,"column":8},"end":{"line":153,"column":18}},"68":{"start":{"line":154,"column":4},"end":{"line":154,"column":40}},"69":{"start":{"line":156,"column":4},"end":{"line":156,"column":48}},"70":{"start":{"line":160,"column":27},"end":{"line":170,"column":1}},"71":{"start":{"line":160,"column":43},"end":{"line":170,"column":1}},"72":{"start":{"line":161,"column":2},"end":{"line":169,"column":3}},"73":{"start":{"line":162,"column":4},"end":{"line":162,"column":37}},"74":{"start":{"line":165,"column":8},"end":{"line":165,"column":18}},"75":{"start":{"line":166,"column":4},"end":{"line":166,"column":40}},"76":{"start":{"line":168,"column":4},"end":{"line":168,"column":48}},"77":{"start":{"line":172,"column":29},"end":{"line":182,"column":1}},"78":{"start":{"line":172,"column":45},"end":{"line":182,"column":1}},"79":{"start":{"line":173,"column":2},"end":{"line":181,"column":3}},"80":{"start":{"line":174,"column":4},"end":{"line":174,"column":35}},"81":{"start":{"line":177,"column":8},"end":{"line":177,"column":18}},"82":{"start":{"line":178,"column":4},"end":{"line":178,"column":40}},"83":{"start":{"line":180,"column":4},"end":{"line":180,"column":48}}},"fnMap":{"0":{"name":"(anonymous_0)","decl":{"start":{"line":7,"column":30},"end":{"line":7,"column":31}},"loc":{"start":{"line":7,"column":36},"end":{"line":11,"column":1}},"line":7},"1":{"name":"(anonymous_1)","decl":{"start":{"line":13,"column":35},"end":{"line":13,"column":36}},"loc":{"start":{"line":13,"column":46},"end":{"line":18,"column":1}},"line":13},"2":{"name":"(anonymous_2)","decl":{"start":{"line":20,"column":36},"end":{"line":20,"column":37}},"loc":{"start":{"line":20,"column":48},"end":{"line":25,"column":1}},"line":20},"3":{"name":"(anonymous_3)","decl":{"start":{"line":27,"column":34},"end":{"line":27,"column":35}},"loc":{"start":{"line":27,"column":45},"end":{"line":32,"column":1}},"line":27},"4":{"name":"(anonymous_4)","decl":{"start":{"line":34,"column":33},"end":{"line":34,"column":34}},"loc":{"start":{"line":34,"column":44},"end":{"line":39,"column":1}},"line":34},"5":{"name":"(anonymous_5)","decl":{"start":{"line":41,"column":33},"end":{"line":41,"column":34}},"loc":{"start":{"line":41,"column":44},"end":{"line":46,"column":1}},"line":41},"6":{"name":"(anonymous_6)","decl":{"start":{"line":48,"column":33},"end":{"line":48,"column":34}},"loc":{"start":{"line":48,"column":44},"end":{"line":53,"column":1}},"line":48},"7":{"name":"(anonymous_7)","decl":{"start":{"line":55,"column":30},"end":{"line":55,"column":31}},"loc":{"start":{"line":55,"column":41},"end":{"line":60,"column":1}},"line":55},"8":{"name":"(anonymous_8)","decl":{"start":{"line":62,"column":25},"end":{"line":62,"column":26}},"loc":{"start":{"line":62,"column":37},"end":{"line":67,"column":1}},"line":62},"9":{"name":"(anonymous_9)","decl":{"start":{"line":69,"column":26},"end":{"line":69,"column":27}},"loc":{"start":{"line":69,"column":44},"end":{"line":74,"column":1}},"line":69},"10":{"name":"(anonymous_10)","decl":{"start":{"line":76,"column":24},"end":{"line":76,"column":25}},"loc":{"start":{"line":76,"column":40},"end":{"line":81,"column":1}},"line":76},"11":{"name":"(anonymous_11)","decl":{"start":{"line":83,"column":27},"end":{"line":83,"column":28}},"loc":{"start":{"line":83,"column":45},"end":{"line":93,"column":1}},"line":83},"12":{"name":"(anonymous_12)","decl":{"start":{"line":83,"column":45},"end":{"line":83,"column":46}},"loc":{"start":{"line":83,"column":65},"end":{"line":93,"column":1}},"line":83},"13":{"name":"(anonymous_13)","decl":{"start":{"line":95,"column":27},"end":{"line":95,"column":28}},"loc":{"start":{"line":95,"column":38},"end":{"line":107,"column":1}},"line":95},"14":{"name":"(anonymous_14)","decl":{"start":{"line":95,"column":38},"end":{"line":95,"column":39}},"loc":{"start":{"line":95,"column":68},"end":{"line":107,"column":1}},"line":95},"15":{"name":"(anonymous_15)","decl":{"start":{"line":109,"column":27},"end":{"line":109,"column":28}},"loc":{"start":{"line":109,"column":46},"end":{"line":120,"column":1}},"line":109},"16":{"name":"(anonymous_16)","decl":{"start":{"line":109,"column":46},"end":{"line":109,"column":47}},"loc":{"start":{"line":109,"column":76},"end":{"line":120,"column":1}},"line":109},"17":{"name":"(anonymous_17)","decl":{"start":{"line":122,"column":27},"end":{"line":122,"column":28}},"loc":{"start":{"line":122,"column":38},"end":{"line":133,"column":1}},"line":122},"18":{"name":"(anonymous_18)","decl":{"start":{"line":122,"column":38},"end":{"line":122,"column":39}},"loc":{"start":{"line":122,"column":68},"end":{"line":133,"column":1}},"line":122},"19":{"name":"(anonymous_19)","decl":{"start":{"line":136,"column":29},"end":{"line":136,"column":30}},"loc":{"start":{"line":136,"column":40},"end":{"line":146,"column":1}},"line":136},"20":{"name":"(anonymous_20)","decl":{"start":{"line":136,"column":40},"end":{"line":136,"column":41}},"loc":{"start":{"line":136,"column":70},"end":{"line":146,"column":1}},"line":136},"21":{"name":"(anonymous_21)","decl":{"start":{"line":148,"column":27},"end":{"line":148,"column":28}},"loc":{"start":{"line":148,"column":39},"end":{"line":158,"column":1}},"line":148},"22":{"name":"(anonymous_22)","decl":{"start":{"line":148,"column":39},"end":{"line":148,"column":40}},"loc":{"start":{"line":148,"column":69},"end":{"line":158,"column":1}},"line":148},"23":{"name":"(anonymous_23)","decl":{"start":{"line":160,"column":27},"end":{"line":160,"column":28}},"loc":{"start":{"line":160,"column":43},"end":{"line":170,"column":1}},"line":160},"24":{"name":"(anonymous_24)","decl":{"start":{"line":160,"column":43},"end":{"line":160,"column":44}},"loc":{"start":{"line":160,"column":73},"end":{"line":170,"column":1}},"line":160},"25":{"name":"(anonymous_25)","decl":{"start":{"line":172,"column":29},"end":{"line":172,"column":30}},"loc":{"start":{"line":172,"column":45},"end":{"line":182,"column":1}},"line":172},"26":{"name":"(anonymous_26)","decl":{"start":{"line":172,"column":45},"end":{"line":172,"column":46}},"loc":{"start":{"line":172,"column":75},"end":{"line":182,"column":1}},"line":172}},"branchMap":{},"s":{"0":2,"1":2,"2":9,"3":2,"4":1,"5":2,"6":2,"7":2,"8":9,"9":2,"10":3,"11":2,"12":3,"13":2,"14":3,"15":2,"16":3,"17":2,"18":3,"19":2,"20":3,"21":2,"22":3,"23":2,"24":9,"25":9,"26":9,"27":8,"28":8,"29":8,"30":1,"31":1,"32":2,"33":2,"34":2,"35":2,"36":2,"37":2,"38":1,"39":1,"40":2,"41":2,"42":2,"43":2,"44":2,"45":2,"46":1,"47":1,"48":2,"49":2,"50":2,"51":2,"52":2,"53":2,"54":1,"55":1,"56":2,"57":2,"58":2,"59":2,"60":2,"61":1,"62":1,"63":2,"64":2,"65":2,"66":2,"67":2,"68":1,"69":1,"70":2,"71":2,"72":2,"73":2,"74":2,"75":1,"76":1,"77":2,"78":2,"79":2,"80":2,"81":2,"82":1,"83":1},"f":{"0":9,"1":1,"2":2,"3":9,"4":3,"5":3,"6":3,"7":3,"8":3,"9":3,"10":3,"11":9,"12":9,"13":2,"14":2,"15":2,"16":2,"17":2,"18":2,"19":2,"20":2,"21":2,"22":2,"23":2,"24":2,"25":2,"26":2},"b":{},"_coverageSchema":"1a1c01bbd47fc00a2c39e90264f33305004495a9","hash":"7325201fc3f282b6d81af5a4d14a6489ff66f90d"}
,"C:\\Users\\Uladzislau_Ramanchan\\Desktop\\reactjs-gmp-2020q3\\src\\store\\movieActions\\reducer.js": {"path":"C:\\Users\\Uladzislau_Ramanchan\\Desktop\\reactjs-gmp-2020q3\\src\\store\\movieActions\\reducer.js","statementMap":{"0":{"start":{"line":2,"column":28},"end":{"line":16,"column":1}},"1":{"start":{"line":18,"column":16},"end":{"line":88,"column":1}},"2":{"start":{"line":19,"column":2},"end":{"line":87,"column":3}},"3":{"start":{"line":21,"column":6},"end":{"line":24,"column":8}},"4":{"start":{"line":26,"column":6},"end":{"line":33,"column":8}},"5":{"start":{"line":35,"column":6},"end":{"line":38,"column":8}},"6":{"start":{"line":40,"column":6},"end":{"line":45,"column":8}},"7":{"start":{"line":43,"column":10},"end":{"line":43,"column":65}},"8":{"start":{"line":49,"column":6},"end":{"line":52,"column":8}},"9":{"start":{"line":54,"column":6},"end":{"line":60,"column":8}},"10":{"start":{"line":62,"column":6},"end":{"line":68,"column":8}},"11":{"start":{"line":70,"column":6},"end":{"line":76,"column":8}},"12":{"start":{"line":78,"column":6},"end":{"line":84,"column":8}},"13":{"start":{"line":86,"column":6},"end":{"line":86,"column":19}}},"fnMap":{"0":{"name":"(anonymous_0)","decl":{"start":{"line":18,"column":16},"end":{"line":18,"column":17}},"loc":{"start":{"line":18,"column":50},"end":{"line":88,"column":1}},"line":18},"1":{"name":"(anonymous_1)","decl":{"start":{"line":42,"column":29},"end":{"line":42,"column":30}},"loc":{"start":{"line":43,"column":10},"end":{"line":43,"column":65}},"line":43}},"branchMap":{"0":{"loc":{"start":{"line":18,"column":17},"end":{"line":18,"column":37}},"type":"default-arg","locations":[{"start":{"line":18,"column":25},"end":{"line":18,"column":37}}],"line":18},"1":{"loc":{"start":{"line":19,"column":2},"end":{"line":87,"column":3}},"type":"switch","locations":[{"start":{"line":20,"column":4},"end":{"line":24,"column":8}},{"start":{"line":25,"column":4},"end":{"line":33,"column":8}},{"start":{"line":34,"column":4},"end":{"line":38,"column":8}},{"start":{"line":39,"column":4},"end":{"line":45,"column":8}},{"start":{"line":46,"column":4},"end":{"line":46,"column":30}},{"start":{"line":47,"column":4},"end":{"line":47,"column":29}},{"start":{"line":48,"column":4},"end":{"line":52,"column":8}},{"start":{"line":53,"column":4},"end":{"line":60,"column":8}},{"start":{"line":61,"column":4},"end":{"line":68,"column":8}},{"start":{"line":69,"column":4},"end":{"line":76,"column":8}},{"start":{"line":77,"column":4},"end":{"line":84,"column":8}},{"start":{"line":85,"column":4},"end":{"line":86,"column":19}}],"line":19},"2":{"loc":{"start":{"line":43,"column":10},"end":{"line":43,"column":65}},"type":"cond-expr","locations":[{"start":{"line":43,"column":43},"end":{"line":43,"column":57}},{"start":{"line":43,"column":60},"end":{"line":43,"column":65}}],"line":43},"3":{"loc":{"start":{"line":58,"column":23},"end":{"line":58,"column":69}},"type":"cond-expr","locations":[{"start":{"line":58,"column":50},"end":{"line":58,"column":64}},{"start":{"line":58,"column":67},"end":{"line":58,"column":69}}],"line":58},"4":{"loc":{"start":{"line":74,"column":21},"end":{"line":74,"column":52}},"type":"cond-expr","locations":[{"start":{"line":74,"column":38},"end":{"line":74,"column":43}},{"start":{"line":74,"column":46},"end":{"line":74,"column":52}}],"line":74}},"s":{"0":1,"1":1,"2":12,"3":1,"4":1,"5":1,"6":1,"7":9,"8":1,"9":2,"10":1,"11":2,"12":1,"13":1},"f":{"0":12,"1":9},"b":{"0":[0],"1":[1,1,1,1,0,0,1,2,1,2,1,1],"2":[1,8],"3":[1,1],"4":[1,1]},"_coverageSchema":"1a1c01bbd47fc00a2c39e90264f33305004495a9","hash":"885f10507e80812d02af7d508e233c312e29afdc"}
,"C:\\Users\\Uladzislau_Ramanchan\\Desktop\\reactjs-gmp-2020q3\\src\\store\\utils\\index.js": {"path":"C:\\Users\\Uladzislau_Ramanchan\\Desktop\\reactjs-gmp-2020q3\\src\\store\\utils\\index.js","statementMap":{"0":{"start":{"line":1,"column":24},"end":{"line":16,"column":1}},"1":{"start":{"line":5,"column":15},"end":{"line":5,"column":32}},"2":{"start":{"line":7,"column":2},"end":{"line":7,"column":48}},"3":{"start":{"line":7,"column":16},"end":{"line":7,"column":48}},"4":{"start":{"line":8,"column":2},"end":{"line":8,"column":53}},"5":{"start":{"line":8,"column":17},"end":{"line":8,"column":53}},"6":{"start":{"line":10,"column":2},"end":{"line":12,"column":41}},"7":{"start":{"line":10,"column":38},"end":{"line":10,"column":72}},"8":{"start":{"line":11,"column":7},"end":{"line":12,"column":41}},"9":{"start":{"line":12,"column":4},"end":{"line":12,"column":41}},"10":{"start":{"line":14,"column":2},"end":{"line":14,"column":71}},"11":{"start":{"line":14,"column":20},"end":{"line":14,"column":71}},"12":{"start":{"line":15,"column":2},"end":{"line":15,"column":16}}},"fnMap":{"0":{"name":"(anonymous_0)","decl":{"start":{"line":1,"column":24},"end":{"line":1,"column":25}},"loc":{"start":{"line":4,"column":5},"end":{"line":16,"column":1}},"line":4}},"branchMap":{"0":{"loc":{"start":{"line":2,"column":52},"end":{"line":2,"column":62}},"type":"default-arg","locations":[{"start":{"line":2,"column":60},"end":{"line":2,"column":62}}],"line":2},"1":{"loc":{"start":{"line":7,"column":2},"end":{"line":7,"column":48}},"type":"if","locations":[{"start":{"line":7,"column":2},"end":{"line":7,"column":48}},{"start":{"line":7,"column":2},"end":{"line":7,"column":48}}],"line":7},"2":{"loc":{"start":{"line":8,"column":2},"end":{"line":8,"column":53}},"type":"if","locations":[{"start":{"line":8,"column":2},"end":{"line":8,"column":53}},{"start":{"line":8,"column":2},"end":{"line":8,"column":53}}],"line":8},"3":{"loc":{"start":{"line":10,"column":2},"end":{"line":12,"column":41}},"type":"if","locations":[{"start":{"line":10,"column":2},"end":{"line":12,"column":41}},{"start":{"line":10,"column":2},"end":{"line":12,"column":41}}],"line":10},"4":{"loc":{"start":{"line":10,"column":6},"end":{"line":10,"column":36}},"type":"binary-expr","locations":[{"start":{"line":10,"column":6},"end":{"line":10,"column":14}},{"start":{"line":10,"column":18},"end":{"line":10,"column":36}}],"line":10},"5":{"loc":{"start":{"line":11,"column":7},"end":{"line":12,"column":41}},"type":"if","locations":[{"start":{"line":11,"column":7},"end":{"line":12,"column":41}},{"start":{"line":11,"column":7},"end":{"line":12,"column":41}}],"line":11},"6":{"loc":{"start":{"line":11,"column":11},"end":{"line":11,"column":47}},"type":"binary-expr","locations":[{"start":{"line":11,"column":11},"end":{"line":11,"column":22}},{"start":{"line":11,"column":26},"end":{"line":11,"column":47}}],"line":11},"7":{"loc":{"start":{"line":14,"column":2},"end":{"line":14,"column":71}},"type":"if","locations":[{"start":{"line":14,"column":2},"end":{"line":14,"column":71}},{"start":{"line":14,"column":2},"end":{"line":14,"column":71}}],"line":14}},"s":{"0":2,"1":8,"2":8,"3":8,"4":8,"5":8,"6":8,"7":0,"8":8,"9":0,"10":8,"11":0,"12":8},"f":{"0":8},"b":{"0":[0],"1":[8,0],"2":[8,0],"3":[0,8],"4":[8,0],"5":[0,8],"6":[8,0],"7":[0,8]},"_coverageSchema":"1a1c01bbd47fc00a2c39e90264f33305004495a9","hash":"269f8d14f46c6e4e42fedd14f18f51abb3771912"}
}
