TN:
SF:src\Components\ItemTitle\ItemTitle.js
FN:4,(anonymous_0)
FNF:1
FNH:1
FNDA:2,(anonymous_0)
DA:4,1
DA:5,2
DA:8,1
LF:3
LH:3
BRF:0
BRH:0
end_of_record
TN:
SF:src\constants\const.js
FNF:0
FNH:0
DA:1,3
DA:10,3
DA:17,3
LF:3
LH:3
BRF:0
BRH:0
end_of_record
TN:
SF:src\store\movieActions\actionTypes.js
FNF:0
FNH:0
DA:1,3
DA:2,3
DA:3,3
DA:5,3
DA:6,3
DA:7,3
DA:8,3
DA:9,3
DA:10,3
DA:11,3
DA:12,3
LF:11
LH:11
BRF:0
BRH:0
end_of_record
TN:
SF:src\store\movieActions\actions.js
FN:7,(anonymous_0)
FN:13,(anonymous_1)
FN:20,(anonymous_2)
FN:27,(anonymous_3)
FN:34,(anonymous_4)
FN:41,(anonymous_5)
FN:48,(anonymous_6)
FN:55,(anonymous_7)
FN:62,(anonymous_8)
FN:69,(anonymous_9)
FN:76,(anonymous_10)
FN:83,(anonymous_11)
FN:83,(anonymous_12)
FN:95,(anonymous_13)
FN:95,(anonymous_14)
FN:109,(anonymous_15)
FN:109,(anonymous_16)
FN:122,(anonymous_17)
FN:122,(anonymous_18)
FN:136,(anonymous_19)
FN:136,(anonymous_20)
FN:148,(anonymous_21)
FN:148,(anonymous_22)
FN:160,(anonymous_23)
FN:160,(anonymous_24)
FN:172,(anonymous_25)
FN:172,(anonymous_26)
FNF:27
FNH:27
FNDA:9,(anonymous_0)
FNDA:1,(anonymous_1)
FNDA:2,(anonymous_2)
FNDA:9,(anonymous_3)
FNDA:3,(anonymous_4)
FNDA:3,(anonymous_5)
FNDA:3,(anonymous_6)
FNDA:3,(anonymous_7)
FNDA:3,(anonymous_8)
FNDA:3,(anonymous_9)
FNDA:3,(anonymous_10)
FNDA:9,(anonymous_11)
FNDA:9,(anonymous_12)
FNDA:2,(anonymous_13)
FNDA:2,(anonymous_14)
FNDA:2,(anonymous_15)
FNDA:2,(anonymous_16)
FNDA:2,(anonymous_17)
FNDA:2,(anonymous_18)
FNDA:2,(anonymous_19)
FNDA:2,(anonymous_20)
FNDA:2,(anonymous_21)
FNDA:2,(anonymous_22)
FNDA:2,(anonymous_23)
FNDA:2,(anonymous_24)
FNDA:2,(anonymous_25)
FNDA:2,(anonymous_26)
DA:5,2
DA:7,2
DA:8,9
DA:13,2
DA:14,1
DA:20,2
DA:21,2
DA:27,2
DA:28,9
DA:34,2
DA:35,3
DA:41,2
DA:42,3
DA:48,2
DA:49,3
DA:55,2
DA:56,3
DA:62,2
DA:63,3
DA:69,2
DA:70,3
DA:76,2
DA:77,3
DA:83,9
DA:84,9
DA:85,9
DA:86,8
DA:87,8
DA:88,8
DA:89,1
DA:91,1
DA:95,2
DA:96,2
DA:97,2
DA:98,2
DA:101,2
DA:103,1
DA:105,1
DA:109,2
DA:110,2
DA:111,2
DA:112,2
DA:115,2
DA:116,1
DA:118,1
DA:122,2
DA:123,2
DA:124,2
DA:125,2
DA:128,2
DA:129,1
DA:131,1
DA:136,2
DA:137,2
DA:138,2
DA:141,2
DA:142,1
DA:144,1
DA:148,2
DA:149,2
DA:150,2
DA:153,2
DA:154,1
DA:156,1
DA:160,2
DA:161,2
DA:162,2
DA:165,2
DA:166,1
DA:168,1
DA:172,2
DA:173,2
DA:174,2
DA:177,2
DA:178,1
DA:180,1
LF:76
LH:76
BRF:0
BRH:0
end_of_record
TN:
SF:src\store\movieActions\reducer.js
FN:18,(anonymous_0)
FN:42,(anonymous_1)
FNF:2
FNH:2
FNDA:12,(anonymous_0)
FNDA:9,(anonymous_1)
DA:2,1
DA:18,1
DA:19,12
DA:21,1
DA:26,1
DA:35,1
DA:40,1
DA:43,9
DA:49,1
DA:54,2
DA:62,1
DA:70,2
DA:78,1
DA:86,1
LF:14
LH:14
BRDA:18,0,0,0
BRDA:19,1,0,1
BRDA:19,1,1,1
BRDA:19,1,2,1
BRDA:19,1,3,1
BRDA:19,1,4,0
BRDA:19,1,5,0
BRDA:19,1,6,1
BRDA:19,1,7,2
BRDA:19,1,8,1
BRDA:19,1,9,2
BRDA:19,1,10,1
BRDA:19,1,11,1
BRDA:43,2,0,1
BRDA:43,2,1,8
BRDA:58,3,0,1
BRDA:58,3,1,1
BRDA:74,4,0,1
BRDA:74,4,1,1
BRF:19
BRH:16
end_of_record
TN:
SF:src\store\utils\index.js
FN:1,(anonymous_0)
FNF:1
FNH:1
FNDA:8,(anonymous_0)
DA:1,2
DA:5,8
DA:7,8
DA:8,8
DA:10,8
DA:11,8
DA:12,0
DA:14,8
DA:15,8
LF:9
LH:8
BRDA:2,0,0,0
BRDA:7,1,0,8
BRDA:7,1,1,0
BRDA:8,2,0,8
BRDA:8,2,1,0
BRDA:10,3,0,0
BRDA:10,3,1,8
BRDA:10,4,0,8
BRDA:10,4,1,0
BRDA:11,5,0,0
BRDA:11,5,1,8
BRDA:11,6,0,8
BRDA:11,6,1,0
BRDA:14,7,0,0
BRDA:14,7,1,8
BRF:15
BRH:7
end_of_record
